[2023-08-22 21:04:52] [[32minfo[0m][0m [90m/scratch/eubd/joao.reboucas/cocoa_new/Cocoa/external_modules/code/cosmolike/redshift_spline.c:881:[0m [2023-08-22 21:04:52] [[32minfo[0m][0m [90m/scratch/eubd/joao.reboucas/cocoa_new/Cocoa/external_modules/code/cosmolike/redshift_spline.c:881:[0m [2023-08-22 21:04:52] [[32minfo[0m][0m [90m/scratch/eubd/joao.reboucas/cocoa_new/Cocoa/external_modules/code/cosmolike/redshift_spline.c:881:[0m [2023-08-22 21:04:52] [[32minfo[0m][0m [90m/scratch/eubd/joao.reboucas/cocoa_new/Cocoa/external_modules/code/cosmolike/redshift_spline.c:881:[0m tomo.shear_zmin[0] = 0.000,tomo.shear_zmax[0] = 2.990
[2023-08-22 21:04:53] [[32minfo[0m][0m [90m/scratch/eubd/joao.reboucas/cocoa_new/Cocoa/external_modules/code/cosmolike/redshift_spline.c:881:[0m tomo.shear_zmin[1] = 0.000,tomo.shear_zmax[1] = 2.990
[2023-08-22 21:04:53] [[32minfo[0m][0m [90m/scratch/eubd/joao.reboucas/cocoa_new/Cocoa/external_modules/code/cosmolike/redshift_spline.c:881:[0m tomo.shear_zmin[2] = 0.000,tomo.shear_zmax[2] = 2.990
[2023-08-22 21:04:53] [[32minfo[0m][0m [90m/scratch/eubd/joao.reboucas/cocoa_new/Cocoa/external_modules/code/cosmolike/redshift_spline.c:881:[0m tomo.shear_zmin[3] = 0.000,tomo.shear_zmax[3] = 2.990
tomo.shear_zmin[0] = 0.000,tomo.shear_zmax[0] = 2.990
[2023-08-22 21:04:53] [[32minfo[0m][0m [90m/scratch/eubd/joao.reboucas/cocoa_new/Cocoa/external_modules/code/cosmolike/redshift_spline.c:881:[0m tomo.shear_zmin[1] = 0.000,tomo.shear_zmax[1] = 2.990
[2023-08-22 21:04:53] [[32minfo[0m][0m [90m/scratch/eubd/joao.reboucas/cocoa_new/Cocoa/external_modules/code/cosmolike/redshift_spline.c:881:[0m tomo.shear_zmin[2] = 0.000,tomo.shear_zmax[2] = 2.990
[2023-08-22 21:04:53] [[32minfo[0m][0m [90m/scratch/eubd/joao.reboucas/cocoa_new/Cocoa/external_modules/code/cosmolike/redshift_spline.c:881:[0m tomo.shear_zmin[3] = 0.000,tomo.shear_zmax[3] = 2.990
tomo.shear_zmin[0] = 0.000,tomo.shear_zmax[0] = 2.990
[2023-08-22 21:04:53] [[32minfo[0m][0m [90m/scratch/eubd/joao.reboucas/cocoa_new/Cocoa/external_modules/code/cosmolike/redshift_spline.c:881:[0m tomo.shear_zmin[1] = 0.000,tomo.shear_zmax[1] = 2.990
[2023-08-22 21:04:53] [[32minfo[0m][0m [90m/scratch/eubd/joao.reboucas/cocoa_new/Cocoa/external_modules/code/cosmolike/redshift_spline.c:881:[0m tomo.shear_zmin[2] = 0.000,tomo.shear_zmax[2] = 2.990
[2023-08-22 21:04:53] [[32minfo[0m][0m [90m/scratch/eubd/joao.reboucas/cocoa_new/Cocoa/external_modules/code/cosmolike/redshift_spline.c:881:[0m tomo.shear_zmin[3] = 0.000,tomo.shear_zmax[3] = 2.990
tomo.shear_zmin[0] = 0.000,tomo.shear_zmax[0] = 2.990
[2023-08-22 21:04:53] [[32minfo[0m][0m [90m/scratch/eubd/joao.reboucas/cocoa_new/Cocoa/external_modules/code/cosmolike/redshift_spline.c:881:[0m tomo.shear_zmin[1] = 0.000,tomo.shear_zmax[1] = 2.990
[2023-08-22 21:04:53] [[32minfo[0m][0m [90m/scratch/eubd/joao.reboucas/cocoa_new/Cocoa/external_modules/code/cosmolike/redshift_spline.c:881:[0m tomo.shear_zmin[2] = 0.000,tomo.shear_zmax[2] = 2.990
[2023-08-22 21:04:53] [[32minfo[0m][0m [90m/scratch/eubd/joao.reboucas/cocoa_new/Cocoa/external_modules/code/cosmolike/redshift_spline.c:881:[0m tomo.shear_zmin[3] = 0.000,tomo.shear_zmax[3] = 2.990
[2023-08-22 21:04:53] [[32minfo[0m][0m [90m/scratch/eubd/joao.reboucas/cocoa_new/Cocoa/external_modules/code/cosmolike/redshift_spline.c:1428:[0m tomo.clustering_zmin[0] = 0.005,tomo.clustering_zmax[0] = 0.825
[2023-08-22 21:04:53] [[32minfo[0m][0m [90m/scratch/eubd/joao.reboucas/cocoa_new/Cocoa/external_modules/code/cosmolike/redshift_spline.c:1428:[0m tomo.clustering_zmin[1] = 0.115,tomo.clustering_zmax[1] = 1.165
[2023-08-22 21:04:53] [[32minfo[0m][0m [90m/scratch/eubd/joao.reboucas/cocoa_new/Cocoa/external_modules/code/cosmolike/redshift_spline.c:1428:[0m tomo.clustering_zmin[2] = 0.165,tomo.clustering_zmax[2] = 1.185
[2023-08-22 21:04:53] [[32minfo[0m][0m [90m/scratch/eubd/joao.reboucas/cocoa_new/Cocoa/external_modules/code/cosmolike/redshift_spline.c:1428:[0m tomo.clustering_zmin[3] = 0.185,tomo.clustering_zmax[3] = 1.125
[2023-08-22 21:04:53] [[32minfo[0m][0m [90m/scratch/eubd/joao.reboucas/cocoa_new/Cocoa/external_modules/code/cosmolike/redshift_spline.c:1428:[0m tomo.clustering_zmin[0] = 0.005,tomo.clustering_zmax[0] = 0.825
[2023-08-22 21:04:53] [[32minfo[0m][0m [90m/scratch/eubd/joao.reboucas/cocoa_new/Cocoa/external_modules/code/cosmolike/redshift_spline.c:1428:[0m tomo.clustering_zmin[1] = 0.115,tomo.clustering_zmax[1] = 1.165
[2023-08-22 21:04:53] [[32minfo[0m][0m [90m/scratch/eubd/joao.reboucas/cocoa_new/Cocoa/external_modules/code/cosmolike/redshift_spline.c:1428:[0m tomo.clustering_zmin[2] = 0.165,tomo.clustering_zmax[2] = 1.185
[2023-08-22 21:04:53] [[32minfo[0m][0m [90m/scratch/eubd/joao.reboucas/cocoa_new/Cocoa/external_modules/code/cosmolike/redshift_spline.c:1428:[0m tomo.clustering_zmin[3] = 0.185,tomo.clustering_zmax[3] = 1.125
[2023-08-22 21:04:53] [[32minfo[0m][0m [90m/scratch/eubd/joao.reboucas/cocoa_new/Cocoa/external_modules/code/cosmolike/redshift_spline.c:1428:[0m [2023-08-22 21:04:53] [[32minfo[0m][0m [90m/scratch/eubd/joao.reboucas/cocoa_new/Cocoa/external_modules/code/cosmolike/redshift_spline.c:1428:[0m tomo.clustering_zmin[4] = 0.285,tomo.clustering_zmax[4] = 1.185
tomo.clustering_zmin[4] = 0.285,tomo.clustering_zmax[4] = 1.185
[2023-08-22 21:04:53] [[32minfo[0m][0m [90m/scratch/eubd/joao.reboucas/cocoa_new/Cocoa/external_modules/code/cosmolike/redshift_spline.c:1428:[0m tomo.clustering_zmin[0] = 0.005,tomo.clustering_zmax[0] = 0.825
[2023-08-22 21:04:53] [[32minfo[0m][0m [90m/scratch/eubd/joao.reboucas/cocoa_new/Cocoa/external_modules/code/cosmolike/redshift_spline.c:1428:[0m tomo.clustering_zmin[1] = 0.115,tomo.clustering_zmax[1] = 1.165
[2023-08-22 21:04:53] [[32minfo[0m][0m [90m/scratch/eubd/joao.reboucas/cocoa_new/Cocoa/external_modules/code/cosmolike/redshift_spline.c:1428:[0m tomo.clustering_zmin[2] = 0.165,tomo.clustering_zmax[2] = 1.185
[2023-08-22 21:04:53] [[32minfo[0m][0m [90m/scratch/eubd/joao.reboucas/cocoa_new/Cocoa/external_modules/code/cosmolike/redshift_spline.c:1428:[0m tomo.clustering_zmin[3] = 0.185,tomo.clustering_zmax[3] = 1.125
[2023-08-22 21:04:53] [[32minfo[0m][0m [90m/scratch/eubd/joao.reboucas/cocoa_new/Cocoa/external_modules/code/cosmolike/redshift_spline.c:1428:[0m tomo.clustering_zmin[4] = 0.285,tomo.clustering_zmax[4] = 1.185
[2023-08-22 21:04:53] [[32minfo[0m][0m [90m/scratch/eubd/joao.reboucas/cocoa_new/Cocoa/external_modules/code/cosmolike/redshift_spline.c:1428:[0m tomo.clustering_zmin[0] = 0.005,tomo.clustering_zmax[0] = 0.825
[2023-08-22 21:04:53] [[32minfo[0m][0m [90m/scratch/eubd/joao.reboucas/cocoa_new/Cocoa/external_modules/code/cosmolike/redshift_spline.c:1428:[0m tomo.clustering_zmin[1] = 0.115,tomo.clustering_zmax[1] = 1.165
[2023-08-22 21:04:53] [[32minfo[0m][0m [90m/scratch/eubd/joao.reboucas/cocoa_new/Cocoa/external_modules/code/cosmolike/redshift_spline.c:1428:[0m tomo.clustering_zmin[2] = 0.165,tomo.clustering_zmax[2] = 1.185
[2023-08-22 21:04:53] [[32minfo[0m][0m [90m/scratch/eubd/joao.reboucas/cocoa_new/Cocoa/external_modules/code/cosmolike/redshift_spline.c:1428:[0m tomo.clustering_zmin[3] = 0.185,tomo.clustering_zmax[3] = 1.125
[2023-08-22 21:04:53] [[32minfo[0m][0m [90m/scratch/eubd/joao.reboucas/cocoa_new/Cocoa/external_modules/code/cosmolike/redshift_spline.c:1428:[0m tomo.clustering_zmin[4] = 0.285,tomo.clustering_zmax[4] = 1.185
